0 verbose cli /usr/local/nvm/versions/node/v16.1.0/bin/node /usr/local/nvm/versions/node/v16.1.0/bin/npm
1 info using npm@8.15.0
2 info using node@v16.1.0
3 timing npm:load:whichnode Completed in 1ms
4 timing config:load:defaults Completed in 1ms
5 timing config:load:file:/usr/local/nvm/versions/node/v16.1.0/lib/node_modules/npm/npmrc Completed in 0ms
6 timing config:load:builtin Completed in 1ms
7 timing config:load:cli Completed in 2ms
8 timing config:load:env Completed in 0ms
9 timing config:load:file:/home/user325/.cache/typescript/3.8/.npmrc Completed in 0ms
10 timing config:load:project Completed in 2ms
11 timing config:load:file:/home/user325/.npmrc Completed in 0ms
12 timing config:load:user Completed in 0ms
13 timing config:load:file:/usr/local/nvm/versions/node/v16.1.0/etc/npmrc Completed in 1ms
14 timing config:load:global Completed in 1ms
15 timing config:load:validate Completed in 0ms
16 timing config:load:credentials Completed in 1ms
17 timing config:load:setEnvs Completed in 1ms
18 timing config:load Completed in 11ms
19 timing npm:load:configload Completed in 11ms
20 timing npm:load:mkdirpcache Completed in 1ms
21 timing npm:load:mkdirplogs Completed in 1ms
22 verbose title npm install @types/body-parser@ts3.8 @types/express@ts3.8 @types/chai@ts3.8 @types/mocha@ts3.8 @types/supertest@ts3.8 @types/accepts@ts3.8 @types/archy@ts3.8 @types/argparse@ts3.8 @types/balanced-match@ts3.8 @types/brace-expansion@ts3.8 @types/braces@ts3.8 @types/bytes@ts3.8 @types/caniuse-lite@ts3.8 @types/check-error@ts3.8 @types/color-convert@ts3.8 @types/color-name@ts3.8 @types/combined-stream@ts3.8 @types/commondir@ts3.8 @types/component-emitter@ts3.8 @types/concat-map@ts3.8 @types/content-disposition@ts3.8 @types/content-type@ts3.8 @types/convert-source-map@ts3.8 @types/cookie@ts3.8 @types/cookie-signature@ts3.8 @types/cookiejar@ts3.8 @types/cross-spawn@ts3.8 @types/debug@ts3.8 @types/deep-eql@ts3.8 @types/depd@ts3.8 @types/destroy@ts3.8 @types/diff@ts3.8 @types/ee-first@ts3.8 @types/encodeurl@ts3.8 @types/escape-html@ts3.8 @types/esprima@ts3.8 @types/etag@ts3.8 @types/extend@ts3.8 @types/fill-range@ts3.8 @types/finalhandler@ts3.8 @types/find-cache-dir@ts3.8 @types/flat@ts3.8 @types/formidable@ts3.8 @types/forwarded@ts3.8 @types/fresh@ts3.8 @types/gensync@ts3.8 @types/get-func-name@ts3.8 @types/glob@ts3.8 @types/glob-parent@ts3.8 @types/graceful-fs@ts3.8 @types/he@ts3.8 @types/html-escaper@ts3.8 @types/http-errors@ts3.8 @types/imurmurhash@ts3.8 @types/inherits@ts3.8 @types/is-glob@ts3.8 @types/is-number@ts3.8 @types/is-typedarray@ts3.8 @types/is-windows@ts3.8 @types/isarray@ts3.8 @types/isexe@ts3.8 @types/istanbul-lib-coverage@ts3.8 @types/istanbul-lib-hook@ts3.8 @types/istanbul-lib-instrument@ts3.8 @types/istanbul-lib-report@ts3.8 @types/istanbul-lib-source-maps@ts3.8 @types/istanbul-reports@ts3.8 @types/js-yaml@ts3.8 @types/jsesc@ts3.8 @types/lodash.flattendeep@ts3.8 @types/media-typer@ts3.8 @types/merge-descriptors@ts3.8 @types/methods@ts3.8 @types/mime@ts3.8 @types/mime-db@ts3.8 @types/mime-types@ts3.8 @types/minimatch@ts3.8 @types/minimist@ts3.8 @types/ms@ts3.8 @types/negotiator@ts3.8 @types/normalize-path@ts3.8 @types/on-finished@ts3.8 @types/once@ts3.8 @types/parseurl@ts3.8 @types/path-is-absolute@ts3.8 @types/pathval@ts3.8 @types/picomatch@ts3.8 @types/proxy-addr@ts3.8 @types/qs@ts3.8 @types/randombytes@ts3.8 @types/range-parser@ts3.8 @types/readable-stream@ts3.8 @types/require-directory@ts3.8 @types/rimraf@ts3.8 @types/safer-buffer@ts3.8 @types/semver@ts3.8 @types/send@ts3.8 @types/serialize-javascript@ts3.8 @types/serve-static@ts3.8 @types/shebang-command@ts3.8 @types/signal-exit@ts3.8 @types/sprintf@ts3.8 @types/sprintf-js@ts3.8 @types/statuses@ts3.8 @types/superagent@ts3.8 @types/supports-color@ts3.8 @types/to-regex-range@ts3.8 @types/type-detect@ts3.8 @types/type-is@ts3.8 @types/typedarray-to-buffer@ts3.8 @types/util-deprecate@ts3.8 @types/utils-merge@ts3.8 @types/uuid@ts3.8 @types/vary@ts3.8 @types/which@ts3.8 @types/workerpool@ts3.8 @types/wrap-ansi@ts3.8 @types/write-file-atomic@ts3.8 @types/yargs@ts3.8 @types/yargs-parser@ts3.8 @types/yargs-unparser@ts3.8
23 verbose argv "install" "--ignore-scripts" "@types/body-parser@ts3.8" "@types/express@ts3.8" "@types/chai@ts3.8" "@types/mocha@ts3.8" "@types/supertest@ts3.8" "@types/accepts@ts3.8" "@types/archy@ts3.8" "@types/argparse@ts3.8" "@types/balanced-match@ts3.8" "@types/brace-expansion@ts3.8" "@types/braces@ts3.8" "@types/bytes@ts3.8" "@types/caniuse-lite@ts3.8" "@types/check-error@ts3.8" "@types/color-convert@ts3.8" "@types/color-name@ts3.8" "@types/combined-stream@ts3.8" "@types/commondir@ts3.8" "@types/component-emitter@ts3.8" "@types/concat-map@ts3.8" "@types/content-disposition@ts3.8" "@types/content-type@ts3.8" "@types/convert-source-map@ts3.8" "@types/cookie@ts3.8" "@types/cookie-signature@ts3.8" "@types/cookiejar@ts3.8" "@types/cross-spawn@ts3.8" "@types/debug@ts3.8" "@types/deep-eql@ts3.8" "@types/depd@ts3.8" "@types/destroy@ts3.8" "@types/diff@ts3.8" "@types/ee-first@ts3.8" "@types/encodeurl@ts3.8" "@types/escape-html@ts3.8" "@types/esprima@ts3.8" "@types/etag@ts3.8" "@types/extend@ts3.8" "@types/fill-range@ts3.8" "@types/finalhandler@ts3.8" "@types/find-cache-dir@ts3.8" "@types/flat@ts3.8" "@types/formidable@ts3.8" "@types/forwarded@ts3.8" "@types/fresh@ts3.8" "@types/gensync@ts3.8" "@types/get-func-name@ts3.8" "@types/glob@ts3.8" "@types/glob-parent@ts3.8" "@types/graceful-fs@ts3.8" "@types/he@ts3.8" "@types/html-escaper@ts3.8" "@types/http-errors@ts3.8" "@types/imurmurhash@ts3.8" "@types/inherits@ts3.8" "@types/is-glob@ts3.8" "@types/is-number@ts3.8" "@types/is-typedarray@ts3.8" "@types/is-windows@ts3.8" "@types/isarray@ts3.8" "@types/isexe@ts3.8" "@types/istanbul-lib-coverage@ts3.8" "@types/istanbul-lib-hook@ts3.8" "@types/istanbul-lib-instrument@ts3.8" "@types/istanbul-lib-report@ts3.8" "@types/istanbul-lib-source-maps@ts3.8" "@types/istanbul-reports@ts3.8" "@types/js-yaml@ts3.8" "@types/jsesc@ts3.8" "@types/lodash.flattendeep@ts3.8" "@types/media-typer@ts3.8" "@types/merge-descriptors@ts3.8" "@types/methods@ts3.8" "@types/mime@ts3.8" "@types/mime-db@ts3.8" "@types/mime-types@ts3.8" "@types/minimatch@ts3.8" "@types/minimist@ts3.8" "@types/ms@ts3.8" "@types/negotiator@ts3.8" "@types/normalize-path@ts3.8" "@types/on-finished@ts3.8" "@types/once@ts3.8" "@types/parseurl@ts3.8" "@types/path-is-absolute@ts3.8" "@types/pathval@ts3.8" "@types/picomatch@ts3.8" "@types/proxy-addr@ts3.8" "@types/qs@ts3.8" "@types/randombytes@ts3.8" "@types/range-parser@ts3.8" "@types/readable-stream@ts3.8" "@types/require-directory@ts3.8" "@types/rimraf@ts3.8" "@types/safer-buffer@ts3.8" "@types/semver@ts3.8" "@types/send@ts3.8" "@types/serialize-javascript@ts3.8" "@types/serve-static@ts3.8" "@types/shebang-command@ts3.8" "@types/signal-exit@ts3.8" "@types/sprintf@ts3.8" "@types/sprintf-js@ts3.8" "@types/statuses@ts3.8" "@types/superagent@ts3.8" "@types/supports-color@ts3.8" "@types/to-regex-range@ts3.8" "@types/type-detect@ts3.8" "@types/type-is@ts3.8" "@types/typedarray-to-buffer@ts3.8" "@types/util-deprecate@ts3.8" "@types/utils-merge@ts3.8" "@types/uuid@ts3.8" "@types/vary@ts3.8" "@types/which@ts3.8" "@types/workerpool@ts3.8" "@types/wrap-ansi@ts3.8" "@types/write-file-atomic@ts3.8" "@types/yargs@ts3.8" "@types/yargs-parser@ts3.8" "@types/yargs-unparser@ts3.8" "--save-dev" "--user-agent" "typesInstaller/3.8.3"
24 timing npm:load:setTitle Completed in 31ms
25 timing config:load:flatten Completed in 4ms
26 timing npm:load:display Completed in 6ms
27 verbose logfile logs-max:10 dir:/home/user325/.npm/_logs
28 verbose logfile /home/user325/.npm/_logs/2022-08-16T16_42_33_268Z-debug-0.log
29 timing npm:load:logFile Completed in 8ms
30 timing npm:load:timers Completed in 0ms
31 timing npm:load:configScope Completed in 0ms
32 timing npm:load Completed in 61ms
33 timing arborist:ctor Completed in 0ms
34 silly logfile start cleaning logs, removing 1 files
35 silly logfile done cleaning log files
36 timing idealTree:init Completed in 21ms
37 timing arborist:ctor Completed in 0ms
38 http fetch GET 200 https://registry.npmjs.org/@types%2fbody-parser 653ms (cache revalidated)
39 http fetch GET 200 https://registry.npmjs.org/@types%2farchy 658ms (cache revalidated)
40 http fetch GET 200 https://registry.npmjs.org/@types%2fmocha 662ms (cache revalidated)
41 http fetch GET 200 https://registry.npmjs.org/@types%2fexpress 665ms (cache revalidated)
42 http fetch GET 200 https://registry.npmjs.org/@types%2fsupertest 668ms (cache revalidated)
43 http fetch GET 200 https://registry.npmjs.org/@types%2fchai 672ms (cache revalidated)
44 http fetch GET 200 https://registry.npmjs.org/@types%2fcolor-name 667ms (cache revalidated)
45 http fetch GET 200 https://registry.npmjs.org/@types%2fcombined-stream 669ms (cache revalidated)
46 http fetch GET 200 https://registry.npmjs.org/@types%2fbalanced-match 680ms (cache revalidated)
47 http fetch GET 200 https://registry.npmjs.org/@types%2fcommondir 690ms (cache revalidated)
48 http fetch GET 200 https://registry.npmjs.org/@types%2fcolor-convert 693ms (cache revalidated)
49 http fetch GET 200 https://registry.npmjs.org/@types%2faccepts 702ms (cache revalidated)
50 http fetch GET 200 https://registry.npmjs.org/@types%2fcomponent-emitter 709ms (cache revalidated)
51 http fetch GET 200 https://registry.npmjs.org/@types%2fcookie-signature 702ms (cache revalidated)
52 http fetch GET 200 https://registry.npmjs.org/@types%2fconvert-source-map 706ms (cache revalidated)
53 http fetch GET 200 https://registry.npmjs.org/@types%2fcookie 706ms (cache revalidated)
54 http fetch GET 200 https://registry.npmjs.org/@types%2fconcat-map 714ms (cache revalidated)
55 http fetch GET 200 https://registry.npmjs.org/@types%2fbrace-expansion 723ms (cache revalidated)
56 http fetch GET 200 https://registry.npmjs.org/@types%2fcontent-type 716ms (cache revalidated)
57 http fetch GET 200 https://registry.npmjs.org/@types%2fcross-spawn 718ms (cache revalidated)
58 http fetch GET 200 https://registry.npmjs.org/@types%2fdebug 729ms (cache revalidated)
59 http fetch GET 200 https://registry.npmjs.org/@types%2fdiff 735ms (cache revalidated)
60 http fetch GET 200 https://registry.npmjs.org/@types%2fescape-html 734ms (cache revalidated)
61 http fetch GET 200 https://registry.npmjs.org/@types%2fesprima 734ms (cache revalidated)
62 http fetch GET 200 https://registry.npmjs.org/@types%2fdestroy 739ms (cache revalidated)
63 http fetch GET 200 https://registry.npmjs.org/@types%2fencodeurl 738ms (cache revalidated)
64 http fetch GET 200 https://registry.npmjs.org/@types%2fbytes 759ms (cache revalidated)
65 http fetch GET 200 https://registry.npmjs.org/@types%2fextend 738ms (cache revalidated)
66 http fetch GET 200 https://registry.npmjs.org/@types%2ffill-range 747ms (cache revalidated)
67 http fetch GET 200 https://registry.npmjs.org/@types%2fforwarded 750ms (cache revalidated)
68 http fetch GET 200 https://registry.npmjs.org/@types%2ffinalhandler 759ms (cache revalidated)
69 http fetch GET 200 https://registry.npmjs.org/@types%2fgraceful-fs 767ms (cache revalidated)
70 http fetch GET 200 https://registry.npmjs.org/@types%2fhe 790ms (cache revalidated)
71 http fetch GET 200 https://registry.npmjs.org/@types%2fhttp-errors 800ms (cache revalidated)
72 http fetch GET 200 https://registry.npmjs.org/@types%2fimurmurhash 811ms (cache revalidated)
73 http fetch GET 200 https://registry.npmjs.org/@types%2finherits 839ms (cache revalidated)
74 http fetch GET 200 https://registry.npmjs.org/@types%2fargparse 883ms (cache revalidated)
75 http fetch GET 200 https://registry.npmjs.org/@types%2fis-typedarray 853ms (cache revalidated)
76 http fetch GET 200 https://registry.npmjs.org/@types%2fis-number 860ms (cache revalidated)
77 http fetch GET 200 https://registry.npmjs.org/@types%2fis-glob 887ms (cache revalidated)
78 http fetch GET 200 https://registry.npmjs.org/@types%2fdepd 934ms (cache revalidated)
79 http fetch GET 200 https://registry.npmjs.org/@types%2fcookiejar 938ms (cache revalidated)
80 http fetch GET 200 https://registry.npmjs.org/@types%2fee-first 970ms (cache revalidated)
81 http fetch GET 200 https://registry.npmjs.org/@types%2fglob 958ms (cache revalidated)
82 http fetch GET 200 https://registry.npmjs.org/@types%2fistanbul-lib-coverage 960ms (cache revalidated)
83 http fetch GET 200 https://registry.npmjs.org/@types%2fcontent-disposition 1005ms (cache revalidated)
84 http fetch GET 200 https://registry.npmjs.org/@types%2fglob-parent 980ms (cache revalidated)
85 http fetch GET 200 https://registry.npmjs.org/@types%2fdeep-eql 999ms (cache revalidated)
86 timing idealTree Completed in 1048ms
87 timing command:install Completed in 1057ms
88 verbose type tag
89 verbose stack @types/deep-eql: No matching version found for @types/deep-eql@ts3.8.
89 verbose stack     at module.exports (/usr/local/nvm/versions/node/v16.1.0/lib/node_modules/npm/node_modules/npm-pick-manifest/lib/index.js:209:23)
89 verbose stack     at RegistryFetcher.manifest (/usr/local/nvm/versions/node/v16.1.0/lib/node_modules/npm/node_modules/pacote/lib/registry.js:125:22)
89 verbose stack     at async Arborist.[retrieveSpecName] (/usr/local/nvm/versions/node/v16.1.0/lib/node_modules/npm/node_modules/@npmcli/arborist/lib/arborist/build-ideal-tree.js:570:18)
89 verbose stack     at async /usr/local/nvm/versions/node/v16.1.0/lib/node_modules/npm/node_modules/@npmcli/arborist/lib/arborist/build-ideal-tree.js:542:20
89 verbose stack     at async Promise.all (index 28)
89 verbose stack     at async Arborist.[applyUserRequestsToNode] (/usr/local/nvm/versions/node/v16.1.0/lib/node_modules/npm/node_modules/@npmcli/arborist/lib/arborist/build-ideal-tree.js:510:7)
89 verbose stack     at async Arborist.[applyUserRequests] (/usr/local/nvm/versions/node/v16.1.0/lib/node_modules/npm/node_modules/@npmcli/arborist/lib/arborist/build-ideal-tree.js:447:7)
89 verbose stack     at async Arborist.buildIdealTree (/usr/local/nvm/versions/node/v16.1.0/lib/node_modules/npm/node_modules/@npmcli/arborist/lib/arborist/build-ideal-tree.js:217:7)
89 verbose stack     at async Promise.all (index 1)
89 verbose stack     at async Arborist.reify (/usr/local/nvm/versions/node/v16.1.0/lib/node_modules/npm/node_modules/@npmcli/arborist/lib/arborist/reify.js:154:5)
90 verbose cwd /home/user325/.cache/typescript/3.8
91 verbose Linux 5.10.127+
92 verbose node v16.1.0
93 verbose npm  v8.15.0
94 error code ETARGET
95 error notarget No matching version found for @types/deep-eql@ts3.8.
96 error notarget In most cases you or one of your dependencies are requesting
96 error notarget a package version that doesn't exist.
97 verbose exit 1
98 timing npm Completed in 1227ms
99 verbose unfinished npm timer reify 1660668153434
100 verbose unfinished npm timer reify:loadTrees 1660668153439
101 verbose unfinished npm timer idealTree:userRequests 1660668153462
102 verbose code 1
103 error A complete log of this run can be found in:
103 error     /home/user325/.npm/_logs/2022-08-16T16_42_33_268Z-debug-0.log
